Determining if the pthread_create exist failed with the following output:
Change Dir: /home/dronear/QuadcopterAR/controls/catkin_ws/build_isolated/ardupilot_gazebo/CMakeFiles/CMakeTmp

Run Build Command:"/usr/bin/make" "cmTC_12ac9/fast"
/usr/bin/make -f CMakeFiles/cmTC_12ac9.dir/build.make CMakeFiles/cmTC_12ac9.dir/build
make[1]: Entering directory '/home/dronear/QuadcopterAR/controls/catkin_ws/build_isolated/ardupilot_gazebo/CMakeFiles/CMakeTmp'
Building C object CMakeFiles/cmTC_12ac9.dir/CheckSymbolExists.c.o
/usr/bin/cc     -o CMakeFiles/cmTC_12ac9.dir/CheckSymbolExists.c.o   -c /home/dronear/QuadcopterAR/controls/catkin_ws/build_isolated/ardupilot_gazebo/CMakeFiles/CMakeTmp/CheckSymbolExists.c
Linking C executable cmTC_12ac9
/usr/bin/cmake -E cmake_link_script CMakeFiles/cmTC_12ac9.dir/link.txt --verbose=1
/usr/bin/cc       CMakeFiles/cmTC_12ac9.dir/CheckSymbolExists.c.o  -o cmTC_12ac9 -rdynamic 
CMakeFiles/cmTC_12ac9.dir/CheckSymbolExists.c.o: In function `main':
CheckSymbolExists.c:(.text+0x16): undefined reference to `pthread_create'
collect2: error: ld returned 1 exit status
CMakeFiles/cmTC_12ac9.dir/build.make:97: recipe for target 'cmTC_12ac9' failed
make[1]: *** [cmTC_12ac9] Error 1
make[1]: Leaving directory '/home/dronear/QuadcopterAR/controls/catkin_ws/build_isolated/ardupilot_gazebo/CMakeFiles/CMakeTmp'
Makefile:126: recipe for target 'cmTC_12ac9/fast' failed
make: *** [cmTC_12ac9/fast] Error 2

File /home/dronear/QuadcopterAR/controls/catkin_ws/build_isolated/ardupilot_gazebo/CMakeFiles/CMakeTmp/CheckSymbolExists.c:
/* */
#include <pthread.h>

int main(int argc, char** argv)
{
  (void)argv;
#ifndef pthread_create
  return ((int*)(&pthread_create))[argc];
#else
  (void)argc;
  return 0;
#endif
}

Determining if the function pthread_create exists in the pthreads failed with the following output:
Change Dir: /home/dronear/QuadcopterAR/controls/catkin_ws/build_isolated/ardupilot_gazebo/CMakeFiles/CMakeTmp

Run Build Command:"/usr/bin/make" "cmTC_b2b71/fast"
/usr/bin/make -f CMakeFiles/cmTC_b2b71.dir/build.make CMakeFiles/cmTC_b2b71.dir/build
make[1]: Entering directory '/home/dronear/QuadcopterAR/controls/catkin_ws/build_isolated/ardupilot_gazebo/CMakeFiles/CMakeTmp'
Building C object CMakeFiles/cmTC_b2b71.dir/CheckFunctionExists.c.o
/usr/bin/cc    -DCHECK_FUNCTION_EXISTS=pthread_create   -o CMakeFiles/cmTC_b2b71.dir/CheckFunctionExists.c.o   -c /usr/share/cmake-3.5/Modules/CheckFunctionExists.c
Linking C executable cmTC_b2b71
/usr/bin/cmake -E cmake_link_script CMakeFiles/cmTC_b2b71.dir/link.txt --verbose=1
/usr/bin/cc   -DCHECK_FUNCTION_EXISTS=pthread_create    CMakeFiles/cmTC_b2b71.dir/CheckFunctionExists.c.o  -o cmTC_b2b71 -rdynamic -lpthreads 
/usr/bin/ld: cannot find -lpthreads
collect2: error: ld returned 1 exit status
CMakeFiles/cmTC_b2b71.dir/build.make:97: recipe for target 'cmTC_b2b71' failed
make[1]: *** [cmTC_b2b71] Error 1
make[1]: Leaving directory '/home/dronear/QuadcopterAR/controls/catkin_ws/build_isolated/ardupilot_gazebo/CMakeFiles/CMakeTmp'
Makefile:126: recipe for target 'cmTC_b2b71/fast' failed
make: *** [cmTC_b2b71/fast] Error 2


