17,21c17,21
< AHRS_GPS_USE     1.000000
< AHRS_ORIENTATION 12.000000
< AHRS_RP_P        0.100000
< AHRS_TRIM_X      0.013345
< AHRS_TRIM_Y      0.012427
---
> AHRS_GPS_USE     0.000000
> AHRS_ORIENTATION 0.000000
> AHRS_RP_P        0.200000
> AHRS_TRIM_X      0.000000
> AHRS_TRIM_Y      0.000000
27c27,28
< ARMING_CHECK     0.000000
---
> ARMING_CHECK     1.000000
> ARMING_RUDDER    2.000000
30,32c31,33
< ATC_ACCEL_P_MAX  72000.000000
< ATC_ACCEL_R_MAX  72000.000000
< ATC_ACCEL_Y_MAX  18000.000000
---
> ATC_ACCEL_P_MAX  110000.000000
> ATC_ACCEL_R_MAX  110000.000000
> ATC_ACCEL_Y_MAX  27000.000000
74,89c75
< BATT2_AMP_OFFSET 0.000000
< BATT2_AMP_PERVLT 17.000000
< BATT2_CAPACITY   5200.000000
< BATT2_CRT_MAH    0.000000
< BATT2_CRT_VOLT   0.000000
< BATT2_CURR_PIN   3.000000
< BATT2_FS_CRT_ACT 0.000000
< BATT2_FS_LOW_ACT 0.000000
< BATT2_FS_VOLTSRC 0.000000
< BATT2_LOW_MAH    0.000000
< BATT2_LOW_TIMER  10.000000
< BATT2_LOW_VOLT   10.500000
< BATT2_MONITOR    5.000000
< BATT2_SERIAL_NUM 10366.000000
< BATT2_VOLT_MULT  10.100000
< BATT2_VOLT_PIN   2.000000
---
> BATT2_MONITOR    0.000000
92c78
< BATT_CAPACITY    5200.000000
---
> BATT_CAPACITY    3300.000000
95c81
< BATT_CURR_PIN    3.000000
---
> BATT_CURR_PIN    12.000000
102,103c88,89
< BATT_MONITOR     5.000000
< BATT_SERIAL_NUM  10366.000000
---
> BATT_MONITOR     4.000000
> BATT_SERIAL_NUM  -1.000000
105c91
< BATT_VOLT_PIN    2.000000
---
> BATT_VOLT_PIN    13.000000
111,119c97,98
< BRD_IMU_TARGTEMP 45.000000
< BRD_IO_ENABLE    1.000000
< BRD_PWM_COUNT    4.000000
< BRD_SAFETYENABLE 0.000000
< BRD_SAFETYOPTION 0.000000
< BRD_SAFETY_MASK  16368.000000
< BRD_SBUS_OUT     0.000000
< BRD_SER1_RTSCTS  2.000000
< BRD_SER2_RTSCTS  2.000000
---
> BRD_PWM_COUNT    8.000000
> BRD_RTC_TYPES    1.000000
121d99
< BRD_TYPE         3.000000
134,143d111
< CAN_D1_PROTOCOL  1.000000
< CAN_D2_PROTOCOL  1.000000
< CAN_P1_DRIVER    0.000000
< CAN_P2_DRIVER    0.000000
< CH10_OPT         0.000000
< CH11_OPT         0.000000
< CH12_OPT         0.000000
< CH7_OPT          31.000000
< CH8_OPT          0.000000
< CH9_OPT          0.000000
148c116,117
< COMPASS_CAL_FIT  100.000000
---
> COMPASS_AUTO_ROT 2.000000
> COMPASS_CAL_FIT  16.000000
150,152c119,121
< COMPASS_DEV_ID   466441.000000
< COMPASS_DEV_ID2  131874.000000
< COMPASS_DEV_ID3  263178.000000
---
> COMPASS_DEV_ID   983044.000000
> COMPASS_DEV_ID2  983052.000000
> COMPASS_DEV_ID3  0.000000
156,158c125,127
< COMPASS_DIA3_X   1.000000
< COMPASS_DIA3_Y   1.000000
< COMPASS_DIA3_Z   1.000000
---
> COMPASS_DIA3_X   0.000000
> COMPASS_DIA3_Y   0.000000
> COMPASS_DIA3_Z   0.000000
161a131,133
> COMPASS_EXP_DID  -1.000000
> COMPASS_EXP_DID2 -1.000000
> COMPASS_EXP_DID3 -1.000000
187,189c159,161
< COMPASS_OFS2_X   0.000000
< COMPASS_OFS2_Y   0.000000
< COMPASS_OFS2_Z   0.000000
---
> COMPASS_OFS2_X   5.000000
> COMPASS_OFS2_Y   13.000000
> COMPASS_OFS2_Z   -18.000000
193,195c165,167
< COMPASS_OFS_X    0.000000
< COMPASS_OFS_Y    0.000000
< COMPASS_OFS_Z    0.000000
---
> COMPASS_OFS_X    5.000000
> COMPASS_OFS_Y    13.000000
> COMPASS_OFS_Z    -18.000000
201c173
< COMPASS_TYPEMASK 32.000000
---
> COMPASS_TYPEMASK 0.000000
206c178
< DISARM_DELAY     10.000000
---
> DISARM_DELAY     50.000000
208,210c180,182
< EK2_ACC_P_NSE    1.000000
< EK2_ALT_M_NSE    0.100000
< EK2_ALT_SOURCE   2.000000
---
> EK2_ACC_P_NSE    0.600000
> EK2_ALT_M_NSE    3.000000
> EK2_ALT_SOURCE   0.000000
223,224c195
< EK2_GPS_CHECK    0.000000
< EK2_GPS_DELAY    220.000000
---
> EK2_GPS_CHECK    31.000000
234c205
< EK2_MAG_CAL      2.000000
---
> EK2_MAG_CAL      3.000000
262c233
< FENCE_RADIUS     300.000000
---
> FENCE_RADIUS     150.000000
264a236,243
> FHLD_BRAKE_RATE  8.000000
> FHLD_FILT_HZ     5.000000
> FHLD_FLOW_MAX    0.600000
> FHLD_QUAL_MIN    10.000000
> FHLD_XY_FILT_HZ  5.000000
> FHLD_XY_I        0.300000
> FHLD_XY_IMAX     3000.000000
> FHLD_XY_P        0.200000
273,277c252,256
< FLTMODE1         4.000000
< FLTMODE2         4.000000
< FLTMODE3         0.000000
< FLTMODE4         0.000000
< FLTMODE5         0.000000
---
> FLTMODE1         7.000000
> FLTMODE2         9.000000
> FLTMODE3         6.000000
> FLTMODE4         3.000000
> FLTMODE5         5.000000
279a259
> FOLL_ENABLE      0.000000
282c262
< FS_CRASH_CHECK   0.000000
---
> FS_CRASH_CHECK   1.000000
284c264
< FS_EKF_THRESH    1.600000
---
> FS_EKF_THRESH    0.800000
286c266
< FS_THR_ENABLE    3.000000
---
> FS_THR_ENABLE    1.000000
289,290c269,270
< GND_ABS_PRESS    100962.078125
< GND_ABS_PRESS2   100999.148438
---
> GND_ABS_PRESS    94503.937500
> GND_ABS_PRESS2   0.000000
296a277
> GND_PROBE_EXT    0.000000
306c287
< GPS_HDOP_GOOD    900.000000
---
> GPS_HDOP_GOOD    140.000000
326,339c307,320
< INS_ACC2OFFS_X   0.296515
< INS_ACC2OFFS_Y   -0.285092
< INS_ACC2OFFS_Z   0.944529
< INS_ACC2SCAL_X   1.006599
< INS_ACC2SCAL_Y   1.039596
< INS_ACC2SCAL_Z   1.026813
< INS_ACC2_ID      1114914.000000
< INS_ACC3OFFS_X   -0.171392
< INS_ACC3OFFS_Y   0.002898
< INS_ACC3OFFS_Z   -0.425238
< INS_ACC3SCAL_X   0.999914
< INS_ACC3SCAL_Y   1.000492
< INS_ACC3SCAL_Z   0.999683
< INS_ACC3_ID      1442826.000000
---
> INS_ACC2OFFS_X   0.001000
> INS_ACC2OFFS_Y   0.001000
> INS_ACC2OFFS_Z   0.001000
> INS_ACC2SCAL_X   1.001000
> INS_ACC2SCAL_Y   1.001000
> INS_ACC2SCAL_Z   1.001000
> INS_ACC2_ID      2753036.000000
> INS_ACC3OFFS_X   0.000000
> INS_ACC3OFFS_Y   0.000000
> INS_ACC3OFFS_Z   0.000000
> INS_ACC3SCAL_X   1.000000
> INS_ACC3SCAL_Y   1.000000
> INS_ACC3SCAL_Z   1.000000
> INS_ACC3_ID      0.000000
341,346c322,327
< INS_ACCOFFS_X    -0.219856
< INS_ACCOFFS_Y    0.052889
< INS_ACCOFFS_Z    -0.059904
< INS_ACCSCAL_X    0.999622
< INS_ACCSCAL_Y    0.999636
< INS_ACCSCAL_Z    0.993344
---
> INS_ACCOFFS_X    0.001000
> INS_ACCOFFS_Y    0.001000
> INS_ACCOFFS_Z    0.001000
> INS_ACCSCAL_X    1.001000
> INS_ACCSCAL_Y    1.001000
> INS_ACCSCAL_Z    1.001000
348,361c329,342
< INS_ACC_ID       1442082.000000
< INS_ENABLE_MASK  7.000000
< INS_FAST_SAMPLE  1.000000
< INS_GYR2OFFS_X   -0.008916
< INS_GYR2OFFS_Y   -0.004596
< INS_GYR2OFFS_Z   -0.021944
< INS_GYR2_ID      2229282.000000
< INS_GYR3OFFS_X   -0.010914
< INS_GYR3OFFS_Y   0.013787
< INS_GYR3OFFS_Z   0.015296
< INS_GYR3_ID      2360330.000000
< INS_GYROFFS_X    0.008255
< INS_GYROFFS_Y    -0.023618
< INS_GYROFFS_Z    0.003185
---
> INS_ACC_ID       2753028.000000
> INS_ENABLE_MASK  127.000000
> INS_FAST_SAMPLE  0.000000
> INS_GYR2OFFS_X   0.001357
> INS_GYR2OFFS_Y   0.000788
> INS_GYR2OFFS_Z   0.000733
> INS_GYR2_ID      2752780.000000
> INS_GYR3OFFS_X   0.000000
> INS_GYR3OFFS_Y   0.000000
> INS_GYR3OFFS_Z   0.000000
> INS_GYR3_ID      0.000000
> INS_GYROFFS_X    0.001344
> INS_GYROFFS_Y    0.000762
> INS_GYROFFS_Z    0.000738
364c345
< INS_GYR_ID       2359586.000000
---
> INS_GYR_ID       2752772.000000
385a367
> LAND_ALT_LOW     1000.000000
447,448c429,430
< MOT_THST_EXPO    0.650000
< MOT_THST_HOVER   0.687500
---
> MOT_THST_EXPO    0.500000
> MOT_THST_HOVER   0.388404
455c437
< NTF_OREO_THEME   0.000000
---
> NTF_LED_TYPES    199.000000
458a441
> PILOT_SPEED_DN   0.000000
464c447,457
< PLND_ENABLED     0.000000
---
> PLND_ACC_P_NSE   2.500000
> PLND_BUS         -1.000000
> PLND_CAM_POS_X   0.000000
> PLND_CAM_POS_Y   0.000000
> PLND_CAM_POS_Z   0.000000
> PLND_ENABLED     1.000000
> PLND_EST_TYPE    1.000000
> PLND_LAND_OFS_X  0.000000
> PLND_LAND_OFS_Y  0.000000
> PLND_TYPE        3.000000
> PLND_YAW_ALIGN   0.000000
483c476
< PSC_ACCZ_I       0.760000
---
> PSC_ACCZ_I       1.000000
485c478
< PSC_ACCZ_P       0.380000
---
> PSC_ACCZ_P       0.500000
488c481
< PSC_POSXY_P      1.000000
---
> PSC_POSXY_P      3.000000
499a493,534
> RC10_DZ          0.000000
> RC10_MAX         1900.000000
> RC10_MIN         1100.000000
> RC10_OPTION      0.000000
> RC10_REVERSED    0.000000
> RC10_TRIM        1500.000000
> RC11_DZ          0.000000
> RC11_MAX         1900.000000
> RC11_MIN         1100.000000
> RC11_OPTION      0.000000
> RC11_REVERSED    0.000000
> RC11_TRIM        1500.000000
> RC12_DZ          0.000000
> RC12_MAX         1900.000000
> RC12_MIN         1100.000000
> RC12_OPTION      0.000000
> RC12_REVERSED    0.000000
> RC12_TRIM        1500.000000
> RC13_DZ          0.000000
> RC13_MAX         1900.000000
> RC13_MIN         1100.000000
> RC13_OPTION      0.000000
> RC13_REVERSED    0.000000
> RC13_TRIM        1500.000000
> RC14_DZ          0.000000
> RC14_MAX         1900.000000
> RC14_MIN         1100.000000
> RC14_OPTION      0.000000
> RC14_REVERSED    0.000000
> RC14_TRIM        1500.000000
> RC15_DZ          0.000000
> RC15_MAX         1900.000000
> RC15_MIN         1100.000000
> RC15_OPTION      0.000000
> RC15_REVERSED    0.000000
> RC15_TRIM        1500.000000
> RC16_DZ          0.000000
> RC16_MAX         1900.000000
> RC16_MIN         1100.000000
> RC16_OPTION      0.000000
> RC16_REVERSED    0.000000
> RC16_TRIM        1500.000000
501c536
< RC1_MAX          1991.000000
---
> RC1_MAX          2000.000000
502a538
> RC1_OPTION       0.000000
507a544
> RC2_OPTION       0.000000
511c548
< RC3_MAX          1900.000000
---
> RC3_MAX          2000.000000
512a550
> RC3_OPTION       0.000000
514c552
< RC3_TRIM         1000.000000
---
> RC3_TRIM         1500.000000
516,517c554,556
< RC4_MAX          1995.000000
< RC4_MIN          1010.000000
---
> RC4_MAX          2000.000000
> RC4_MIN          1000.000000
> RC4_OPTION       0.000000
519c558
< RC4_TRIM         1499.000000
---
> RC4_TRIM         1500.000000
522a562
> RC5_OPTION       0.000000
527a568
> RC6_OPTION       0.000000
532a574
> RC7_OPTION       7.000000
537a580
> RC8_OPTION       39.000000
540,541c583,587
< RC9_MAX          2000.000000
< RC9_MIN          1000.000000
---
> RC9_DZ           0.000000
> RC9_MAX          1900.000000
> RC9_MIN          1100.000000
> RC9_OPTION       0.000000
> RC9_REVERSED     0.000000
546a593,594
> RC_OPTIONS       0.000000
> RC_OVERRIDE_TIME 3.000000
549,550c597,598
< RELAY_PIN        54.000000
< RELAY_PIN2       55.000000
---
> RELAY_PIN        13.000000
> RELAY_PIN2       -1.000000
573c621
< RNGFND_MAX_CM    700.000000
---
> RNGFND_MAX_CM    5000.000000
577c625
< RNGFND_PIN       -1.000000
---
> RNGFND_PIN       0.000000
583c631
< RNGFND_SCALING   3.000000
---
> RNGFND_SCALING   10.000000
586c634
< RNGFND_TYPE      0.000000
---
> RNGFND_TYPE      1.000000
597c645
< RTL_ALT          0.000000
---
> RTL_ALT          1500.000000
601c649
< RTL_LOIT_TIME    0.000000
---
> RTL_LOIT_TIME    5000.000000
606c654
< SERIAL0_PROTOCOL 1.000000
---
> SERIAL0_PROTOCOL 2.000000
616a665,666
> SERIAL6_BAUD     57.000000
> SERIAL6_PROTOCOL -1.000000
700a751,872
> SIM_ACC2_BIAS_X  0.000000
> SIM_ACC2_BIAS_Y  0.000000
> SIM_ACC2_BIAS_Z  0.000000
> SIM_ACC2_RND     0.000000
> SIM_ACCEL_FAIL   0.000000
> SIM_ACC_BIAS_X   0.000000
> SIM_ACC_BIAS_Y   0.000000
> SIM_ACC_BIAS_Z   0.000000
> SIM_ACC_RND      0.000000
> SIM_ADSB_ALT     1000.000000
> SIM_ADSB_COUNT   -1.000000
> SIM_ADSB_RADIUS  10000.000000
> SIM_ADSB_TX      0.000000
> SIM_ARSPD2_FAIL  0.000000
> SIM_ARSPD2_FAILP 0.000000
> SIM_ARSPD2_PITOT 0.000000
> SIM_ARSPD_FAIL   0.000000
> SIM_ARSPD_FAIL_P 0.000000
> SIM_ARSPD_PITOT  0.000000
> SIM_ARSPD_RND    0.500000
> SIM_ARSPD_SIGN   0.000000
> SIM_BARO_DELAY   0.000000
> SIM_BARO_DISABLE 0.000000
> SIM_BARO_DRIFT   0.000000
> SIM_BARO_GLITCH  0.000000
> SIM_BARO_RND     0.000000
> SIM_BATT_VOLTAGE 12.600000
> SIM_DRIFT_SPEED  0.050000
> SIM_DRIFT_TIME   5.000000
> SIM_ENGINE_FAIL  0.000000
> SIM_ENGINE_MUL   1.000000
> SIM_FLOAT_EXCEPT 1.000000
> SIM_FLOW_DELAY   0.000000
> SIM_FLOW_ENABLE  0.000000
> SIM_FLOW_POS_X   0.000000
> SIM_FLOW_POS_Y   0.000000
> SIM_FLOW_POS_Z   0.000000
> SIM_FLOW_RATE    10.000000
> SIM_GP2_GLITCH_X 0.000000
> SIM_GP2_GLITCH_Y 0.000000
> SIM_GP2_GLITCH_Z 0.000000
> SIM_GPS2_ENABLE  0.000000
> SIM_GPS2_TYPE    1.000000
> SIM_GPS_ALT_OFS  0.000000
> SIM_GPS_BYTELOSS 0.000000
> SIM_GPS_DELAY    1.000000
> SIM_GPS_DISABLE  0.000000
> SIM_GPS_DRIFTALT 0.000000
> SIM_GPS_GLITCH_X 0.000000
> SIM_GPS_GLITCH_Y 0.000000
> SIM_GPS_GLITCH_Z 0.000000
> SIM_GPS_HZ       5.000000
> SIM_GPS_LOCKTIME 0.000000
> SIM_GPS_NOISE    0.000000
> SIM_GPS_NUMSATS  10.000000
> SIM_GPS_POS_X    0.000000
> SIM_GPS_POS_Y    0.000000
> SIM_GPS_POS_Z    0.000000
> SIM_GPS_TYPE     1.000000
> SIM_GRPE_ENABLE  0.000000
> SIM_GRPE_PIN     -1.000000
> SIM_GRPS_ENABLE  0.000000
> SIM_GRPS_GRAB    2000.000000
> SIM_GRPS_PIN     -1.000000
> SIM_GRPS_RELEASE 1000.000000
> SIM_GRPS_REVERSE 0.000000
> SIM_GYR_RND      0.000000
> SIM_GYR_SCALE_X  0.000000
> SIM_GYR_SCALE_Y  0.000000
> SIM_GYR_SCALE_Z  0.000000
> SIM_IMU_POS_X    0.000000
> SIM_IMU_POS_Y    0.000000
> SIM_IMU_POS_Z    0.000000
> SIM_MAG_ALY_HGT  1.000000
> SIM_MAG_ALY_X    0.000000
> SIM_MAG_ALY_Y    0.000000
> SIM_MAG_ALY_Z    0.000000
> SIM_MAG_DELAY    0.000000
> SIM_MAG_DIA_X    0.000000
> SIM_MAG_DIA_Y    0.000000
> SIM_MAG_DIA_Z    0.000000
> SIM_MAG_ERROR    0.000000
> SIM_MAG_MOT_X    0.000000
> SIM_MAG_MOT_Y    0.000000
> SIM_MAG_MOT_Z    0.000000
> SIM_MAG_ODI_X    0.000000
> SIM_MAG_ODI_Y    0.000000
> SIM_MAG_ODI_Z    0.000000
> SIM_MAG_OFS_X    5.000000
> SIM_MAG_OFS_Y    13.000000
> SIM_MAG_OFS_Z    -18.000000
> SIM_MAG_ORIENT   0.000000
> SIM_MAG_RND      0.000000
> SIM_ODOM_ENABLE  0.000000
> SIM_PIN_MASK     0.000000
> SIM_RC_CHANCOUNT 16.000000
> SIM_RC_FAIL      0.000000
> SIM_SERVO_SPEED  0.140000
> SIM_SONAR_GLITCH 0.000000
> SIM_SONAR_POS_X  0.000000
> SIM_SONAR_POS_Y  0.000000
> SIM_SONAR_POS_Z  0.000000
> SIM_SONAR_RND    0.000000
> SIM_SONAR_SCALE  10.000000
> SIM_SPEEDUP      1.000000
> SIM_SPR_ENABLE   0.000000
> SIM_SPR_PUMP     -1.000000
> SIM_SPR_SPIN     -1.000000
> SIM_TEMP_BFACTOR 0.000000
> SIM_TEMP_FLIGHT  35.000000
> SIM_TEMP_START   25.000000
> SIM_TEMP_TCONST  30.000000
> SIM_TERRAIN      1.000000
> SIM_VICON_HSTLEN 0.000000
> SIM_WIND_DELAY   0.000000
> SIM_WIND_DIR     180.000000
> SIM_WIND_DIR_Z   0.000000
> SIM_WIND_SPD     0.000000
> SIM_WIND_T       0.000000
> SIM_WIND_TURB    0.000000
> SIM_WIND_T_ALT   60.000000
> SIM_WIND_T_COEF  0.010000
703,706c875,878
< SR0_EXTRA1       0.000000
< SR0_EXTRA2       0.000000
< SR0_EXTRA3       0.000000
< SR0_EXT_STAT     0.000000
---
> SR0_EXTRA1       4.000000
> SR0_EXTRA2       4.000000
> SR0_EXTRA3       4.000000
> SR0_EXT_STAT     4.000000
708,711c880,883
< SR0_POSITION     0.000000
< SR0_RAW_CTRL     0.000000
< SR0_RAW_SENS     0.000000
< SR0_RC_CHAN      0.000000
---
> SR0_POSITION     4.000000
> SR0_RAW_CTRL     4.000000
> SR0_RAW_SENS     4.000000
> SR0_RC_CHAN      4.000000
713,721c885,893
< SR1_EXTRA1       4.000000
< SR1_EXTRA2       4.000000
< SR1_EXTRA3       4.000000
< SR1_EXT_STAT     4.000000
< SR1_PARAMS       10.000000
< SR1_POSITION     4.000000
< SR1_RAW_CTRL     4.000000
< SR1_RAW_SENS     4.000000
< SR1_RC_CHAN      4.000000
---
> SR1_EXTRA1       0.000000
> SR1_EXTRA2       0.000000
> SR1_EXTRA3       0.000000
> SR1_EXT_STAT     0.000000
> SR1_PARAMS       0.000000
> SR1_POSITION     0.000000
> SR1_RAW_CTRL     0.000000
> SR1_RAW_SENS     0.000000
> SR1_RC_CHAN      0.000000
727c899
< SR2_PARAMS       10.000000
---
> SR2_PARAMS       0.000000
742,745c914,919
< STAT_BOOTCNT     91.000000
< STAT_FLTTIME     2156.000000
< STAT_RESET       -504921440.000000
< STAT_RUNTIME     99612.000000
---
> SRTL_ACCURACY    2.000000
> SRTL_POINTS      150.000000
> STAT_BOOTCNT     41.000000
> STAT_FLTTIME     1421.000000
> STAT_RESET       77213552.000000
> STAT_RUNTIME     5317.000000
750a925
> TCAL_ENABLED     0.000000
762,763c937,945
< WPNAV_ACCEL      340.000000
< WPNAV_ACCEL_Z    160.000000
---
> VISO_ORIENT      0.000000
> VISO_POS_X       0.000000
> VISO_POS_Y       0.000000
> VISO_POS_Z       0.000000
> VISO_TYPE        0.000000
> WENC_TYPE        0.000000
> WINCH_ENABLE     0.000000
> WPNAV_ACCEL      100.000000
> WPNAV_ACCEL_Z    100.000000
766,768c948,950
< WPNAV_SPEED      1100.000000
< WPNAV_SPEED_DN   240.000000
< WPNAV_SPEED_UP   320.000000
---
> WPNAV_SPEED      500.000000
> WPNAV_SPEED_DN   150.000000
> WPNAV_SPEED_UP   250.000000
